<?xml version="1.0" encoding="UTF-8"?>
<testsuite name="MyTests" tests="4" skipped="0" failures="0" errors="0" timestamp="2020-05-15T17:22:36" hostname="DESKTOP-5VKSVLF" time="0.003">
  <properties/>
  <testcase name="arrayEvaluation" classname="MyTests" time="0.002"/>
  <testcase name="numberTest" classname="MyTests" time="0.0"/>
  <testcase name="stringComparison" classname="MyTests" time="0.0"/>
  <testcase name="chunkTest" classname="MyTests" time="0.001"/>
  <system-out><![CDATA[]]></system-out>
  <system-err><![CDATA[]]></system-err>
</testsuite>
